
=== Wed May  6 12:55:29 2020

Packages were changed.
Update Mode: updateDependencies

The following packages were added:
  com.unity.2d.sprite@1.0.0
  com.unity.2d.tilemap@1.0.0
  com.unity.collab-proxy@1.2.16
  com.unity.ide.rider@1.1.4
  com.unity.ide.vscode@1.2.0
  com.unity.modules.androidjni@1.0.0
  com.unity.multiplayer-hlapi@1.0.4
  com.unity.test-framework@1.1.13
  com.unity.timeline@1.2.6
  com.unity.ugui@1.0.0
  com.unity.xr.legacyinputhelpers@2.1.3
The following packages were updated:
  com.unity.textmeshpro from version 1.2.4 to 2.0.1
  com.unity.xr.arcore from version 1.0.0-preview.23 to 2.1.8
  com.unity.xr.arfoundation from version 1.0.0-preview.20 to 2.1.8
The following packages were removed:
  com.unity.package-manager-ui@1.9.11
